build/app/outputs/mapping/release/seeds.txt
com.atc.spires_app.MainActivity
com.atc.spires_app.MainActivity: MainActivity()
...
kotlinx.coroutines.scheduling.CoroutineScheduler$Worker: int workerCtl
com.google.android.gms.internal.firebase-auth-api.zzym: com.google.android.gms.internal.firebase-auth-api.zzym zza
com.razorpay.checkout.wrapper.R$attr: int layout_insetEdge
com.google.android.gms.internal.base.zak: boolean zan
com.razorpay.R$style: int Base_TextAppearance_AppCompat_Widget_Button
com.google.android.recaptcha.internal.zzbb: com.google.android.recaptcha.internal.zzbb zzk
com.google.android.gms.internal.location.zzdc: com.google.android.gms.internal.location.zzdc zza
com.razorpay.checkout.wrapper.R$style: int Widget_AppCompat_ActivityChooserView
com.google.android.recaptcha.internal.zzdw: int zzd
com.razorpay.checkout.wrapper.R$style: int Base_TextAppearance_AppCompat_SearchResult_Title
com.google.android.recaptcha.internal.zzez: com.google.android.recaptcha.internal.zzez zza
com.google.android.gms.internal.firebase-auth-api.zzaak: com.google.android.gms.internal.firebase-auth-api.zzzv zzc
com.google.android.gms.internal.firebase-auth-api.zzju$zza: com.google.android.gms.internal.firebase-auth-api.zzju$zza zzb
com.google.android.gms.internal.firebase-auth-api.zzagw: java.lang.String zze
com.google.android.gms.internal.firebase-auth-api.zzye: com.google.android.gms.internal.firebase-auth-api.zzla zzf
com.razorpay.checkout.wrapper.R$styleable: int AppCompatTheme_listPreferredItemHeightSmall
com.google.android.recaptcha.internal.zzmf: com.google.android.recaptcha.internal.zzmf zzb
com.google.android.gms.internal.auth.zzgo: java.util.Iterator zza
com.google.android.gms.internal.firebase-auth-api.zzbs: com.google.android.gms.internal.firebase-auth-api.zznr zzc
com.google.android.recaptcha.internal.zztv: com.google.android.recaptcha.internal.zztv zzk
com.google.android.gms.internal.firebase-auth-api.zzaef: java.lang.String zzc
com.razorpay.Checkout: boolean disableFullScreen
com.razorpay.R$id: int blocking
com.razorpay.R$attr: int actionBarSize
com.razorpay.AnalyticsConstants: java.lang.String NETWORK
com.razorpay.checkout.wrapper.R$dimen: int abc_text_size_subhead_material
com.razorpay.R$attr: int colorPrimaryDark
com.google.android.gms.internal.firebase-auth-api.zzao: int zza
com.razorpay.a: com.razorpay.RzpAssist primaryRzpAssist
com.razorpay.R$layout: int notification_template_lines_media
com.razorpay.checkout.wrapper.R$animator: int fragment_close_exit
com.razorpay.r__Q_: com.razorpay.CheckoutPresenterImpl b
com.google.android.recaptcha.internal.zzba: com.google.android.recaptcha.internal.zzba zzap
com.google.android.recaptcha.internal.zzhz: com.google.android.recaptcha.internal.zzhy zza
com.google.android.gms.internal.firebase-auth-api.zzjq: com.google.android.gms.internal.firebase-auth-api.zzjq$zzd zzc
com.razorpay.R$style: int Widget_AppCompat_ProgressBar_Horizontal
com.razorpay.R$interpolator: int btn_checkbox_checked_mtrl_animation_interpolator_1
com.razorpay.checkout.wrapper.R$dimen: int abc_text_size_menu_material
io.flutter.view.FlutterCallbackInformation: java.lang.String callbackName
com.google.android.gms.internal.firebase-auth-api.zzna: com.google.android.gms.internal.firebase-auth-api.zzna zzb
com.razorpay.checkout.wrapper.R$anim: int btn_checkbox_to_unchecked_icon_null_animation
com.google.android.gms.internal.firebase-auth-api.zzhn: com.google.android.gms.internal.firebase-auth-api.zzij$zza zza
com.google.android.gms.fido.u2f.api.common.SignRequestParams: android.os.Parcelable$Creator CREATOR
com.razorpay.checkout.wrapper.R$styleable: int Toolbar_contentInsetLeft
com.razorpay.checkout.wrapper.R$style: int Base_Theme_AppCompat_Dialog_MinWidth
com.razorpay.AnalyticsConstants: java.lang.String VALIDATE_VPA
com.google.android.gms.internal.firebase-auth-api.zzwi: int zzg
com.google.android.gms.internal.auth.zzdc: boolean zzf
com.razorpay.checkout.wrapper.R$style: int Base_TextAppearance_AppCompat_Body2
com.google.android.gms.internal.firebase-auth-api.zzmi$zza: java.lang.String zzc