build/app/outputs/mapping/release/usage.txt
com.atc.spires_app.R$drawable
com.atc.spires_app.R$mipmap
com.atc.spires_app.R$string
com.atc.spires_app.R$style
com.atc.spires_app.R
...
com.google.common.collect.ForwardingSortedSetMultimap
com.google.common.collect.ForwardingTable
com.google.common.collect.GeneralRange
com.google.common.collect.GwtTransient
com.google.common.collect.HashBasedTable$Factory
com.google.common.collect.HashBasedTable
com.google.common.collect.HashBiMap$EntryForKey
com.google.common.collect.HashBiMap$EntryForValue
com.google.common.collect.HashBiMap$EntrySet
com.google.common.collect.HashBiMap$Inverse
com.google.common.collect.HashBiMap$InverseEntrySet
com.google.common.collect.HashBiMap$KeySet
com.google.common.collect.HashBiMap$ValueSet
com.google.common.collect.HashBiMap$View$1
com.google.common.collect.HashBiMap$View
com.google.common.collect.HashBiMap
com.google.common.collect.HashMultimap
com.google.common.collect.HashMultimapGwtSerializationDependencies
com.google.common.collect.HashMultiset
com.google.common.collect.Hashing:
    private static final long C1
    private static final long C2
    private static final int MAX_TABLE_SIZE
    private void <init>()
    static boolean needsResizing(int,int,double)
com.google.common.collect.IgnoreJRERequirement
com.google.common.collect.ImmutableAsList$SerializedForm
com.google.common.collect.ImmutableAsList
com.google.common.collect.ImmutableBiMap$Builder
com.google.common.collect.ImmutableBiMap$SerializedForm
com.google.common.collect.ImmutableBiMap
com.google.common.collect.ImmutableClassToInstanceMap$1
com.google.common.collect.ImmutableClassToInstanceMap$Builder
com.google.common.collect.ImmutableClassToInstanceMap
com.google.common.collect.ImmutableCollection$ArrayBasedBuilder:
    public synthetic bridge com.google.common.collect.ImmutableCollection$Builder add(java.lang.Object)
com.google.common.collect.ImmutableCollection$Builder:
    static final int DEFAULT_INITIAL_CAPACITY
    public varargs com.google.common.collect.ImmutableCollection$Builder add(java.lang.Object[])
    public com.google.common.collect.ImmutableCollection$Builder addAll(java.util.Iterator)
    public abstract com.google.common.collect.ImmutableCollection build()
com.google.common.collect.ImmutableCollection:
    private static final long serialVersionUID
    public synthetic bridge java.util.Iterator iterator()
    private void readObject(java.io.ObjectInputStream)
    java.lang.Object writeReplace()
com.google.common.collect.ImmutableEntry:
    private static final long serialVersionUID
com.google.common.collect.ImmutableEnumMap$1
com.google.common.collect.ImmutableEnumMap$EnumSerializedForm
com.google.common.collect.ImmutableEnumMap
com.google.common.collect.ImmutableEnumSet$1
com.google.common.collect.ImmutableEnumSet$EnumSerializedForm
com.google.common.collect.ImmutableEnumSet
com.google.common.collect.ImmutableList$Builder:
    public synthetic bridge com.google.common.collect.ImmutableCollection$ArrayBasedBuilder add(java.lang.Object)
    public synthetic bridge com.google.common.collect.ImmutableCollection$Builder add(java.lang.Object[])
    public synthetic bridge com.google.common.collect.ImmutableCollection$Builder addAll(java.lang.Iterable)
    public synthetic bridge com.google.common.collect.ImmutableCollection$Builder addAll(java.util.Iterator)
    public com.google.common.collect.ImmutableList$Builder addAll(java.util.Iterator)
    public synthetic bridge com.google.common.collect.ImmutableCollection build()
    com.google.common.collect.ImmutableList$Builder combine(com.google.common.collect.ImmutableList$Builder)
com.google.common.collect.ImmutableList$ReverseImmutableList
com.google.common.collect.ImmutableList$SerializedForm
com.google.common.collect.ImmutableList$SubList:
    java.lang.Object writeReplace()